[2023-07-19 22:56:05.005] [org.springframework.boot.StartupInfoLogger] [main] [55] [INFO ] Starting TheDemoApplication using Java 1.8.0_65 on HeTao with PID 13336 (D:\code\the-demo\target\classes started by Hasee in D:\code\the-demo)
[2023-07-19 22:56:05.005] [org.springframework.boot.SpringApplication] [main] [631] [INFO ] No active profile set, falling back to 1 default profile: "default"
[2023-07-19 22:56:06.006] [org.springframework.boot.web.embedded.tomcat.TomcatWebServer] [main] [108] [INFO ] Tomcat initialized with port(s): 8082 (http)
[2023-07-19 22:56:06.006] [org.apache.juli.logging.DirectJDKLog] [main] [173] [INFO ] Initializing ProtocolHandler ["http-nio-8082"]
[2023-07-19 22:56:06.006] [org.apache.juli.logging.DirectJDKLog] [main] [173] [INFO ] Starting service [Tomcat]
[2023-07-19 22:56:06.006] [org.apache.juli.logging.DirectJDKLog] [main] [173] [INFO ] Starting Servlet engine: [Apache Tomcat/9.0.76]
[2023-07-19 22:56:06.006] [org.apache.juli.logging.DirectJDKLog] [main] [173] [INFO ] Initializing Spring embedded WebApplicationContext
[2023-07-19 22:56:06.006] [org.springframework.boot.web.servlet.context.ServletWebServerApplicationContext] [main] [292] [INFO ] Root WebApplicationContext: initialization completed in 958 ms
[2023-07-19 22:56:07.007] [org.springframework.context.support.AbstractApplicationContext] [main] [591] [WARN ] Exception encountered during context initialization - cancelling refresh attempt: org.springframework.beans.factory.BeanCreationException: Error creating bean with name 'com.github.pagehelper.autoconfigure.PageHelperAutoConfiguration': Invocation of init method failed; nested exception is org.springframework.beans.factory.BeanCurrentlyInCreationException: Error creating bean with name 'com.github.pagehelper.autoconfigure.PageHelperAutoConfiguration': Requested bean is currently in creation: Is there an unresolvable circular reference?
[2023-07-19 22:56:07.007] [org.apache.juli.logging.DirectJDKLog] [main] [173] [INFO ] Stopping service [Tomcat]
[2023-07-19 22:56:07.007] [org.springframework.boot.autoconfigure.logging.ConditionEvaluationReportLoggingListener] [main] [136] [INFO ] 

Error starting ApplicationContext. To display the conditions report re-run your application with 'debug' enabled.
[2023-07-19 22:57:01.001] [org.springframework.boot.StartupInfoLogger] [main] [55] [INFO ] Starting TheDemoApplication using Java 1.8.0_65 on HeTao with PID 22164 (D:\code\the-demo\target\classes started by Hasee in D:\code\the-demo)
[2023-07-19 22:57:01.001] [org.springframework.boot.SpringApplication] [main] [631] [INFO ] No active profile set, falling back to 1 default profile: "default"
[2023-07-19 22:57:02.002] [org.springframework.boot.web.embedded.tomcat.TomcatWebServer] [main] [108] [INFO ] Tomcat initialized with port(s): 8082 (http)
[2023-07-19 22:57:02.002] [org.apache.juli.logging.DirectJDKLog] [main] [173] [INFO ] Initializing ProtocolHandler ["http-nio-8082"]
[2023-07-19 22:57:02.002] [org.apache.juli.logging.DirectJDKLog] [main] [173] [INFO ] Starting service [Tomcat]
[2023-07-19 22:57:02.002] [org.apache.juli.logging.DirectJDKLog] [main] [173] [INFO ] Starting Servlet engine: [Apache Tomcat/9.0.76]
[2023-07-19 22:57:02.002] [org.apache.juli.logging.DirectJDKLog] [main] [173] [INFO ] Initializing Spring embedded WebApplicationContext
[2023-07-19 22:57:02.002] [org.springframework.boot.web.servlet.context.ServletWebServerApplicationContext] [main] [292] [INFO ] Root WebApplicationContext: initialization completed in 744 ms
[2023-07-19 22:57:03.003] [org.springframework.context.support.AbstractApplicationContext] [main] [591] [WARN ] Exception encountered during context initialization - cancelling refresh attempt: org.springframework.beans.factory.BeanCreationException: Error creating bean with name 'com.github.pagehelper.autoconfigure.PageHelperAutoConfiguration': Invocation of init method failed; nested exception is org.springframework.beans.factory.BeanCurrentlyInCreationException: Error creating bean with name 'com.github.pagehelper.autoconfigure.PageHelperAutoConfiguration': Requested bean is currently in creation: Is there an unresolvable circular reference?
[2023-07-19 22:57:03.003] [org.apache.juli.logging.DirectJDKLog] [main] [173] [INFO ] Stopping service [Tomcat]
[2023-07-19 22:57:03.003] [org.springframework.boot.autoconfigure.logging.ConditionEvaluationReportLoggingListener] [main] [136] [INFO ] 

Error starting ApplicationContext. To display the conditions report re-run your application with 'debug' enabled.
[2023-07-19 22:58:15.015] [org.springframework.boot.StartupInfoLogger] [main] [55] [INFO ] Starting TheDemoApplication using Java 1.8.0_65 on HeTao with PID 17108 (D:\code\the-demo\target\classes started by Hasee in D:\code\the-demo)
[2023-07-19 22:58:15.015] [org.springframework.boot.SpringApplication] [main] [631] [INFO ] No active profile set, falling back to 1 default profile: "default"
[2023-07-19 22:58:16.016] [org.springframework.boot.web.embedded.tomcat.TomcatWebServer] [main] [108] [INFO ] Tomcat initialized with port(s): 8082 (http)
[2023-07-19 22:58:16.016] [org.apache.juli.logging.DirectJDKLog] [main] [173] [INFO ] Initializing ProtocolHandler ["http-nio-8082"]
[2023-07-19 22:58:16.016] [org.apache.juli.logging.DirectJDKLog] [main] [173] [INFO ] Starting service [Tomcat]
[2023-07-19 22:58:16.016] [org.apache.juli.logging.DirectJDKLog] [main] [173] [INFO ] Starting Servlet engine: [Apache Tomcat/9.0.76]
[2023-07-19 22:58:16.016] [org.apache.juli.logging.DirectJDKLog] [main] [173] [INFO ] Initializing Spring embedded WebApplicationContext
[2023-07-19 22:58:16.016] [org.springframework.boot.web.servlet.context.ServletWebServerApplicationContext] [main] [292] [INFO ] Root WebApplicationContext: initialization completed in 734 ms
[2023-07-19 22:58:16.016] [org.springframework.context.support.AbstractApplicationContext] [main] [591] [WARN ] Exception encountered during context initialization - cancelling refresh attempt: org.springframework.beans.factory.BeanCreationException: Error creating bean with name 'com.github.pagehelper.autoconfigure.PageHelperAutoConfiguration': Invocation of init method failed; nested exception is org.springframework.beans.factory.BeanCurrentlyInCreationException: Error creating bean with name 'com.github.pagehelper.autoconfigure.PageHelperAutoConfiguration': Requested bean is currently in creation: Is there an unresolvable circular reference?
[2023-07-19 22:58:16.016] [org.apache.juli.logging.DirectJDKLog] [main] [173] [INFO ] Stopping service [Tomcat]
[2023-07-19 22:58:16.016] [org.springframework.boot.autoconfigure.logging.ConditionEvaluationReportLoggingListener] [main] [136] [INFO ] 

Error starting ApplicationContext. To display the conditions report re-run your application with 'debug' enabled.
[2023-07-19 23:00:53.053] [org.springframework.boot.StartupInfoLogger] [main] [55] [INFO ] Starting TheDemoApplication using Java 1.8.0_65 on HeTao with PID 14532 (D:\code\the-demo\target\classes started by Hasee in D:\code\the-demo)
[2023-07-19 23:00:53.053] [org.springframework.boot.SpringApplication] [main] [631] [INFO ] No active profile set, falling back to 1 default profile: "default"
[2023-07-19 23:00:54.054] [org.springframework.boot.web.embedded.tomcat.TomcatWebServer] [main] [108] [INFO ] Tomcat initialized with port(s): 8082 (http)
[2023-07-19 23:00:54.054] [org.apache.juli.logging.DirectJDKLog] [main] [173] [INFO ] Initializing ProtocolHandler ["http-nio-8082"]
[2023-07-19 23:00:54.054] [org.apache.juli.logging.DirectJDKLog] [main] [173] [INFO ] Starting service [Tomcat]
[2023-07-19 23:00:54.054] [org.apache.juli.logging.DirectJDKLog] [main] [173] [INFO ] Starting Servlet engine: [Apache Tomcat/9.0.76]
[2023-07-19 23:00:54.054] [org.apache.juli.logging.DirectJDKLog] [main] [173] [INFO ] Initializing Spring embedded WebApplicationContext
[2023-07-19 23:00:54.054] [org.springframework.boot.web.servlet.context.ServletWebServerApplicationContext] [main] [292] [INFO ] Root WebApplicationContext: initialization completed in 748 ms
[2023-07-19 23:00:54.054] [org.apache.juli.logging.DirectJDKLog] [main] [173] [INFO ] Starting ProtocolHandler ["http-nio-8082"]
[2023-07-19 23:00:54.054] [org.springframework.boot.web.embedded.tomcat.TomcatWebServer] [main] [220] [INFO ] Tomcat started on port(s): 8082 (http) with context path '/demo'
[2023-07-19 23:00:54.054] [org.springframework.boot.StartupInfoLogger] [main] [61] [INFO ] Started TheDemoApplication in 1.654 seconds (JVM running for 2.389)
[2023-07-19 23:01:28.028] [org.apache.juli.logging.DirectJDKLog] [http-nio-8082-exec-7] [173] [INFO ] Initializing Spring DispatcherServlet 'dispatcherServlet'
[2023-07-19 23:01:28.028] [org.springframework.web.servlet.FrameworkServlet] [http-nio-8082-exec-7] [525] [INFO ] Initializing Servlet 'dispatcherServlet'
[2023-07-19 23:01:28.028] [org.springframework.web.servlet.FrameworkServlet] [http-nio-8082-exec-7] [547] [INFO ] Completed initialization in 0 ms
[2023-07-19 23:01:28.028] [com.zaxxer.hikari.HikariDataSource] [http-nio-8082-exec-7] [110] [INFO ] HikariPool-1 - Starting...
[2023-07-19 23:01:28.028] [com.zaxxer.hikari.HikariDataSource] [http-nio-8082-exec-7] [123] [INFO ] HikariPool-1 - Start completed.
[2023-07-19 23:01:49.049] [com.zaxxer.hikari.HikariDataSource] [SpringApplicationShutdownHook] [350] [INFO ] HikariPool-1 - Shutdown initiated...
[2023-07-19 23:01:49.049] [com.zaxxer.hikari.HikariDataSource] [SpringApplicationShutdownHook] [352] [INFO ] HikariPool-1 - Shutdown completed.
