656  [main] INFO  c.n.the.thedemo.TheDemoApplication - Starting TheDemoApplication using Java 1.8.0_65 on HeTao with PID 13336 (D:\code\the-demo\target\classes started by Hasee in D:\code\the-demo)
659  [main] INFO  c.n.the.thedemo.TheDemoApplication - No active profile set, falling back to 1 default profile: "default"
1535 [main] INFO  o.s.b.w.e.tomcat.TomcatWebServer - Tomcat initialized with port(s): 8082 (http)
1541 [main] INFO  o.a.coyote.http11.Http11NioProtocol - Initializing ProtocolHandler ["http-nio-8082"]
1543 [main] INFO  o.a.catalina.core.StandardService - Starting service [Tomcat]
1543 [main] INFO  o.a.catalina.core.StandardEngine - Starting Servlet engine: [Apache Tomcat/9.0.76]
1668 [main] INFO  o.a.c.c.C.[.[localhost].[/demo] - Initializing Spring embedded WebApplicationContext
1669 [main] INFO  o.s.b.w.s.c.ServletWebServerApplicationContext - Root WebApplicationContext: initialization completed in 958 ms
2099 [main] WARN  o.s.b.w.s.c.AnnotationConfigServletWebServerApplicationContext - Exception encountered during context initialization - cancelling refresh attempt: org.springframework.beans.factory.BeanCreationException: Error creating bean with name 'com.github.pagehelper.autoconfigure.PageHelperAutoConfiguration': Invocation of init method failed; nested exception is org.springframework.beans.factory.BeanCurrentlyInCreationException: Error creating bean with name 'com.github.pagehelper.autoconfigure.PageHelperAutoConfiguration': Requested bean is currently in creation: Is there an unresolvable circular reference?
2101 [main] INFO  o.a.catalina.core.StandardService - Stopping service [Tomcat]
2108 [main] INFO  o.s.b.a.l.ConditionEvaluationReportLoggingListener - 

Error starting ApplicationContext. To display the conditions report re-run your application with 'debug' enabled.
2124 [main] ERROR o.s.b.d.LoggingFailureAnalysisReporter - 

***************************
APPLICATION FAILED TO START
***************************

Description:

The dependencies of some of the beans in the application context form a cycle:

┌──->──┐
|  com.github.pagehelper.autoconfigure.PageHelperAutoConfiguration
└──<-──┘


Action:

Relying upon circular references is discouraged and they are prohibited by default. Update your application to remove the dependency cycle between beans. As a last resort, it may be possible to break the cycle automatically by setting spring.main.allow-circular-references to true.

502  [main] INFO  c.n.the.thedemo.TheDemoApplication - Starting TheDemoApplication using Java 1.8.0_65 on HeTao with PID 22164 (D:\code\the-demo\target\classes started by Hasee in D:\code\the-demo)
505  [main] INFO  c.n.the.thedemo.TheDemoApplication - No active profile set, falling back to 1 default profile: "default"
1217 [main] INFO  o.s.b.w.e.tomcat.TomcatWebServer - Tomcat initialized with port(s): 8082 (http)
1222 [main] INFO  o.a.coyote.http11.Http11NioProtocol - Initializing ProtocolHandler ["http-nio-8082"]
1223 [main] INFO  o.a.catalina.core.StandardService - Starting service [Tomcat]
1223 [main] INFO  o.a.catalina.core.StandardEngine - Starting Servlet engine: [Apache Tomcat/9.0.76]
1310 [main] INFO  o.a.c.c.C.[.[localhost].[/demo] - Initializing Spring embedded WebApplicationContext
1310 [main] INFO  o.s.b.w.s.c.ServletWebServerApplicationContext - Root WebApplicationContext: initialization completed in 744 ms
1656 [main] WARN  o.s.b.w.s.c.AnnotationConfigServletWebServerApplicationContext - Exception encountered during context initialization - cancelling refresh attempt: org.springframework.beans.factory.BeanCreationException: Error creating bean with name 'com.github.pagehelper.autoconfigure.PageHelperAutoConfiguration': Invocation of init method failed; nested exception is org.springframework.beans.factory.BeanCurrentlyInCreationException: Error creating bean with name 'com.github.pagehelper.autoconfigure.PageHelperAutoConfiguration': Requested bean is currently in creation: Is there an unresolvable circular reference?
1659 [main] INFO  o.a.catalina.core.StandardService - Stopping service [Tomcat]
1666 [main] INFO  o.s.b.a.l.ConditionEvaluationReportLoggingListener - 

Error starting ApplicationContext. To display the conditions report re-run your application with 'debug' enabled.
1676 [main] ERROR o.s.b.d.LoggingFailureAnalysisReporter - 

***************************
APPLICATION FAILED TO START
***************************

Description:

The dependencies of some of the beans in the application context form a cycle:

┌──->──┐
|  com.github.pagehelper.autoconfigure.PageHelperAutoConfiguration
└──<-──┘


Action:

Relying upon circular references is discouraged and they are prohibited by default. Update your application to remove the dependency cycle between beans. As a last resort, it may be possible to break the cycle automatically by setting spring.main.allow-circular-references to true.

494  [main] INFO  c.n.the.thedemo.TheDemoApplication - Starting TheDemoApplication using Java 1.8.0_65 on HeTao with PID 17108 (D:\code\the-demo\target\classes started by Hasee in D:\code\the-demo)
499  [main] INFO  c.n.the.thedemo.TheDemoApplication - No active profile set, falling back to 1 default profile: "default"
1199 [main] INFO  o.s.b.w.e.tomcat.TomcatWebServer - Tomcat initialized with port(s): 8082 (http)
1206 [main] INFO  o.a.coyote.http11.Http11NioProtocol - Initializing ProtocolHandler ["http-nio-8082"]
1207 [main] INFO  o.a.catalina.core.StandardService - Starting service [Tomcat]
1207 [main] INFO  o.a.catalina.core.StandardEngine - Starting Servlet engine: [Apache Tomcat/9.0.76]
1294 [main] INFO  o.a.c.c.C.[.[localhost].[/demo] - Initializing Spring embedded WebApplicationContext
1294 [main] INFO  o.s.b.w.s.c.ServletWebServerApplicationContext - Root WebApplicationContext: initialization completed in 734 ms
1643 [main] WARN  o.s.b.w.s.c.AnnotationConfigServletWebServerApplicationContext - Exception encountered during context initialization - cancelling refresh attempt: org.springframework.beans.factory.BeanCreationException: Error creating bean with name 'com.github.pagehelper.autoconfigure.PageHelperAutoConfiguration': Invocation of init method failed; nested exception is org.springframework.beans.factory.BeanCurrentlyInCreationException: Error creating bean with name 'com.github.pagehelper.autoconfigure.PageHelperAutoConfiguration': Requested bean is currently in creation: Is there an unresolvable circular reference?
1645 [main] INFO  o.a.catalina.core.StandardService - Stopping service [Tomcat]
1651 [main] INFO  o.s.b.a.l.ConditionEvaluationReportLoggingListener - 

Error starting ApplicationContext. To display the conditions report re-run your application with 'debug' enabled.
1662 [main] ERROR o.s.b.d.LoggingFailureAnalysisReporter - 

***************************
APPLICATION FAILED TO START
***************************

Description:

The dependencies of some of the beans in the application context form a cycle:

┌──->──┐
|  com.github.pagehelper.autoconfigure.PageHelperAutoConfiguration
└──<-──┘


Action:

Relying upon circular references is discouraged and they are prohibited by default. Update your application to remove the dependency cycle between beans. As a last resort, it may be possible to break the cycle automatically by setting spring.main.allow-circular-references to true.

505  [main] INFO  c.n.the.thedemo.TheDemoApplication - Starting TheDemoApplication using Java 1.8.0_65 on HeTao with PID 14532 (D:\code\the-demo\target\classes started by Hasee in D:\code\the-demo)
517  [main] INFO  c.n.the.thedemo.TheDemoApplication - No active profile set, falling back to 1 default profile: "default"
1210 [main] INFO  o.s.b.w.e.tomcat.TomcatWebServer - Tomcat initialized with port(s): 8082 (http)
1215 [main] INFO  o.a.coyote.http11.Http11NioProtocol - Initializing ProtocolHandler ["http-nio-8082"]
1216 [main] INFO  o.a.catalina.core.StandardService - Starting service [Tomcat]
1216 [main] INFO  o.a.catalina.core.StandardEngine - Starting Servlet engine: [Apache Tomcat/9.0.76]
1308 [main] INFO  o.a.c.c.C.[.[localhost].[/demo] - Initializing Spring embedded WebApplicationContext
1309 [main] INFO  o.s.b.w.s.c.ServletWebServerApplicationContext - Root WebApplicationContext: initialization completed in 748 ms
1765 [main] INFO  o.a.coyote.http11.Http11NioProtocol - Starting ProtocolHandler ["http-nio-8082"]
1778 [main] INFO  o.s.b.w.e.tomcat.TomcatWebServer - Tomcat started on port(s): 8082 (http) with context path '/demo'
1784 [main] INFO  c.n.the.thedemo.TheDemoApplication - Started TheDemoApplication in 1.654 seconds (JVM running for 2.389)
35534 [http-nio-8082-exec-7] INFO  o.a.c.c.C.[.[localhost].[/demo] - Initializing Spring DispatcherServlet 'dispatcherServlet'
35534 [http-nio-8082-exec-7] INFO  o.s.web.servlet.DispatcherServlet - Initializing Servlet 'dispatcherServlet'
35535 [http-nio-8082-exec-7] INFO  o.s.web.servlet.DispatcherServlet - Completed initialization in 0 ms
35586 [http-nio-8082-exec-7] INFO  com.zaxxer.hikari.HikariDataSource - HikariPool-1 - Starting...
35779 [http-nio-8082-exec-7] INFO  com.zaxxer.hikari.HikariDataSource - HikariPool-1 - Start completed.
56479 [SpringApplicationShutdownHook] INFO  com.zaxxer.hikari.HikariDataSource - HikariPool-1 - Shutdown initiated...
56487 [SpringApplicationShutdownHook] INFO  com.zaxxer.hikari.HikariDataSource - HikariPool-1 - Shutdown completed.
